<?xml version="1.0" encoding="UTF-8"?>
<testsuite xmlns:xsi="http://www.w3.org/2001/XMLSchema-instance" xsi:noNamespaceSchemaLocation="https://maven.apache.org/surefire/maven-surefire-plugin/xsd/surefire-test-report-3.0.xsd" version="3.0" name="com.example.To_Do_App.ToDoAppApplicationTests" time="4.254" tests="1" errors="0" skipped="0" failures="0">
  <properties>
[...]
</properties>
  <testcase name="contextLoads" classname="com.example.To_Do_App.ToDoAppApplicationTests" time="0.406">
    <system-out><![CDATA[11:41:59.496 [main] INFO org.springframework.test.context.support.AnnotationConfigContextLoaderUtils -- Could not detect default configuration classes for test class [com.example.To_Do_App.ToDoAppApplicationTests]: ToDoAppApplicationTests does not declare any static, non-private, non-final, nested classes annotated with @Configuration.
11:41:59.578 [main] INFO org.springframework.boot.test.context.SpringBootTestContextBootstrapper -- Found @SpringBootConfiguration com.example.To_Do_App.ToDoAppApplication for test class com.example.To_Do_App.ToDoAppApplicationTests
11:41:59.717 [main] INFO org.springframework.boot.devtools.restart.RestartApplicationListener -- Restart disabled due to context in which it is running

  .   ____          _            __ _ _
 /\\ / ___'_ __ _ _(_)_ __  __ _ \ \ \ \
( ( )\___ | '_ | '_| | '_ \/ _` | \ \ \ \
 \\/  ___)| |_)| | | | | || (_| |  ) ) ) )
  '  |____| .__|_| |_|_| |_\__, | / / / /
 =========|_|==============|___/=/_/_/_/

 :: Spring Boot ::                (v3.3.1)

2024-09-14T11:41:59.908+08:00  INFO 12896 --- [           main] c.e.To_Do_App.ToDoAppApplicationTests    : Starting ToDoAppApplicationTests using Java 21.0.1 with PID 12896 (started by Joaquin Tolentino in C:\Users\Joaquin Tolentino\Documents\GitHub\LibraryLane-DBM)
2024-09-14T11:41:59.909+08:00  INFO 12896 --- [           main] c.e.To_Do_App.ToDoAppApplicationTests    : No active profile set, falling back to 1 default profile: "default"
2024-09-14T11:42:00.485+08:00  INFO 12896 --- [           main] .s.d.r.c.RepositoryConfigurationDelegate : Bootstrapping Spring Data JPA repositories in DEFAULT mode.
2024-09-14T11:42:00.535+08:00  INFO 12896 --- [           main] .s.d.r.c.RepositoryConfigurationDelegate : Finished Spring Data repository scanning in 41 ms. Found 1 JPA repository interface.
2024-09-14T11:42:00.912+08:00  INFO 12896 --- [           main] o.hibernate.jpa.internal.util.LogHelper  : HHH000204: Processing PersistenceUnitInfo [name: default]
2024-09-14T11:42:00.963+08:00  INFO 12896 --- [           main] org.hibernate.Version                    : HHH000412: Hibernate ORM core version 6.5.2.Final
2024-09-14T11:42:00.998+08:00  INFO 12896 --- [           main] o.h.c.internal.RegionFactoryInitiator    : HHH000026: Second-level cache disabled
2024-09-14T11:42:01.297+08:00  INFO 12896 --- [           main] o.s.o.j.p.SpringPersistenceUnitInfo      : No LoadTimeWeaver setup: ignoring JPA class transformer
2024-09-14T11:42:01.332+08:00  INFO 12896 --- [           main] com.zaxxer.hikari.HikariDataSource       : HikariPool-1 - Starting...
2024-09-14T11:42:01.631+08:00  INFO 12896 --- [           main] com.zaxxer.hikari.pool.HikariPool        : HikariPool-1 - Added connection com.mysql.cj.jdbc.ConnectionImpl@63262071
2024-09-14T11:42:01.633+08:00  INFO 12896 --- [           main] com.zaxxer.hikari.HikariDataSource       : HikariPool-1 - Start completed.
2024-09-14T11:42:02.383+08:00  INFO 12896 --- [           main] o.h.e.t.j.p.i.JtaPlatformInitiator       : HHH000489: No JTA platform available (set 'hibernate.transaction.jta.platform' to enable JTA platform integration)
2024-09-14T11:42:02.462+08:00  INFO 12896 --- [           main] j.LocalContainerEntityManagerFactoryBean : Initialized JPA EntityManagerFactory for persistence unit 'default'
2024-09-14T11:42:02.805+08:00  WARN 12896 --- [           main] JpaBaseConfiguration$JpaWebConfiguration : spring.jpa.open-in-view is enabled by default. Therefore, database queries may be performed during view rendering. Explicitly configure spring.jpa.open-in-view to disable this warning
2024-09-14T11:42:03.182+08:00  INFO 12896 --- [           main] c.e.To_Do_App.ToDoAppApplicationTests    : Started ToDoAppApplicationTests in 3.475 seconds (process running for 4.26)
]]></system-out>
    <system-err><![CDATA[WARNING: A Java agent has been loaded dynamically (C:\Users\Joaquin Tolentino\.m2\repository\net\bytebuddy\byte-buddy-agent\1.14.17\byte-buddy-agent-1.14.17.jar)
WARNING: If a serviceability tool is in use, please run with -XX:+EnableDynamicAgentLoading to hide this warning
WARNING: If a serviceability tool is not in use, please run with -Djdk.instrument.traceUsage for more information
WARNING: Dynamic loading of agents will be disallowed by default in a future release
]]></system-err>
  </testcase>
</testsuite>